<?xml version="1.0" encoding="UTF-8"?>
<testsuite xmlns:xsi="http://www.w3.org/2001/XMLSchema-instance" xsi:noNamespaceSchemaLocation="https://maven.apache.org/surefire/maven-surefire-plugin/xsd/surefire-test-report-3.0.xsd" version="3.0" name="com.example.crudApi.CrudApiApplicationTests" time="5.634" tests="1" errors="0" skipped="0" failures="0">
  <properties>
[...]
</properties>
  <testcase name="contextLoads" classname="com.example.crudApi.CrudApiApplicationTests" time="1.883">
    <system-out><![CDATA[22:40:10.581 [main] INFO org.springframework.test.context.support.AnnotationConfigContextLoaderUtils -- Could not detect default configuration classes for test class [com.example.crudApi.CrudApiApplicationTests]: CrudApiApplicationTests does not declare any static, non-private, non-final, nested classes annotated with @Configuration.
22:40:10.878 [main] INFO org.springframework.boot.test.context.SpringBootTestContextBootstrapper -- Found @SpringBootConfiguration com.example.crudApi.CrudApiApplication for test class com.example.crudApi.CrudApiApplicationTests

  .   ____          _            __ _ _
 /\\ / ___'_ __ _ _(_)_ __  __ _ \ \ \ \
( ( )\___ | '_ | '_| | '_ \/ _` | \ \ \ \
 \\/  ___)| |_)| | | | | || (_| |  ) ) ) )
  '  |____| .__|_| |_|_| |_\__, | / / / /
 =========|_|==============|___/=/_/_/_/
 :: Spring Boot ::                (v3.1.6)

2023-12-05T22:40:11.696+05:30  INFO 17852 --- [           main] c.e.crudApi.CrudApiApplicationTests      : Starting CrudApiApplicationTests using Java 17.0.8.1 with PID 17852 (started by padma in D:\WorkSpace\Java\crudApi)
2023-12-05T22:40:11.702+05:30  INFO 17852 --- [           main] c.e.crudApi.CrudApiApplicationTests      : No active profile set, falling back to 1 default profile: "default"
2023-12-05T22:40:13.740+05:30  INFO 17852 --- [           main] c.e.crudApi.CrudApiApplicationTests      : Started CrudApiApplicationTests in 2.606 seconds (process running for 5.761)
]]></system-out>
  </testcase>
</testsuite>